[debug] [2026-02-03T19:27:50.226Z] ----------------------------------------------------------------------
[debug] [2026-02-03T19:27:50.227Z] Command:       /usr/bin/node /home/neo/.npm-global/bin/firebase init hosting
[debug] [2026-02-03T19:27:50.228Z] CLI Version:   15.5.1
[debug] [2026-02-03T19:27:50.228Z] Platform:      linux
[debug] [2026-02-03T19:27:50.228Z] Node Version:  v22.22.0
[debug] [2026-02-03T19:27:50.228Z] Time:          Tue Feb 03 2026 19:27:50 GMT+0000 (Coordinated Universal Time)
[debug] [2026-02-03T19:27:50.228Z] ----------------------------------------------------------------------
[debug] 
[debug] [2026-02-03T19:27:50.230Z] >>> [apiv2][query] GET https://firebase-public.firebaseio.com/cli.json [none]
[info] 
     ######## #### ########  ######## ########     ###     ######  ########
     ##        ##  ##     ## ##       ##     ##  ##   ##  ##       ##
     ######    ##  ########  ######   ########  #########  ######  ######
     ##        ##  ##    ##  ##       ##     ## ##     ##       ## ##
     ##       #### ##     ## ######## ########  ##     ##  ######  ########

You're about to initialize a Firebase project in this directory:

  /home/neo/clawd/repos/bae-sig-book-raffle

[info] 
=== Project Setup
[info] 
[info] First, let's associate this project directory with a Firebase project.
[info] You can create multiple project aliases by running firebase use --add, 
[info] 
[info] No default project found. Continuing without a project in non interactive mode.
[info] 
=== Hosting Setup
[info] 
[info] Your public directory is the folder (relative to your project directory) that
[info] will contain Hosting assets to be uploaded with firebase deploy. If you
[info] have a build process for your assets, use your build's output directory.
[info] 
[debug] [2026-02-03T19:27:50.845Z] <<< [apiv2][status] GET https://firebase-public.firebaseio.com/cli.json 200
[debug] [2026-02-03T19:27:50.845Z] <<< [apiv2][body] GET https://firebase-public.firebaseio.com/cli.json {"cloudBuildErrorAfter":1594252800000,"cloudBuildWarnAfter":1590019200000,"defaultNode10After":1594252800000,"minVersion":"3.0.5","node8DeploysDisabledAfter":1613390400000,"node8RuntimeDisabledAfter":1615809600000,"node8WarnAfter":1600128000000}
